  BCClient.cpp
E:\GitRepositories\getWrecked\PunchNetwork\PunchNetworkServer\BCClient.h(20,31): warning C4305:  'initializing': truncation from 'int' to 'unsigned char'
E:\GitRepositories\getWrecked\PunchNetwork\PunchNetworkServer\BCClient.h(20,27): warning C4309:  'initializing': truncation of constant value
  BCMessage.cpp
E:\GitRepositories\getWrecked\PunchNetwork\PunchNetworkServer\BCClient.cpp(20,20): warning C4018:  '<=': signed/unsigned mismatch
E:\GitRepositories\getWrecked\PunchNetwork\PunchNetworkServer\BCClient.h(20,31): warning C4305:  'initializing': truncation from 'int' to 'unsigned char'
E:\GitRepositories\getWrecked\PunchNetwork\PunchNetworkServer\BCClient.h(20,27): warning C4309:  'initializing': truncation of constant value
E:\GitRepositories\getWrecked\PunchNetwork\PunchNetworkServer\BCMessage.cpp(17,20): warning C4018:  '<=': signed/unsigned mismatch
E:\GitRepositories\getWrecked\PunchNetwork\PunchNetworkServer\BCMessage.cpp(35,20): warning C4018:  '<': signed/unsigned mismatch
E:\GitRepositories\getWrecked\PunchNetwork\PunchNetworkServer\BCMessage.cpp(52,118): warning C4305:  '=': truncation from 'int' to 'unsigned char'
E:\GitRepositories\getWrecked\PunchNetwork\PunchNetworkServer\BCMessage.cpp(52,111): warning C4309:  '=': truncation of constant value
  BCRoom.cpp
E:\GitRepositories\getWrecked\PunchNetwork\PunchNetworkServer\BCMessage.cpp(73,136): warning C4244:  '=': conversion from '__int64' to 'unsigned char', possible loss of data
E:\GitRepositories\getWrecked\PunchNetwork\PunchNetworkServer\BCClient.h(20,31): warning C4305:  'initializing': truncation from 'int' to 'unsigned char'
E:\GitRepositories\getWrecked\PunchNetwork\PunchNetworkServer\BCClient.h(20,27): warning C4309:  'initializing': truncation of constant value
  BCServer.cpp
E:\GitRepositories\getWrecked\PunchNetwork\PunchNetworkServer\BCRoom.cpp(15,20): warning C4018:  '<=': signed/unsigned mismatch
E:\GitRepositories\getWrecked\PunchNetwork\PunchNetworkServer\BCClient.h(20,31): warning C4305:  'initializing': truncation from 'int' to 'unsigned char'
E:\GitRepositories\getWrecked\PunchNetwork\PunchNetworkServer\BCClient.h(20,27): warning C4309:  'initializing': truncation of constant value
E:\GitRepositories\getWrecked\PunchNetwork\PunchNetworkServer\BCServer.cpp(31,44): warning C4154:  deletion of an array expression; conversion to pointer supplied
E:\GitRepositories\getWrecked\PunchNetwork\PunchNetworkServer\BCServer.cpp(37,20): warning C4018:  '<': signed/unsigned mismatch
E:\GitRepositories\getWrecked\PunchNetwork\PunchNetworkServer\BCServer.cpp(77,73): warning C4244:  '=': conversion from 'unsigned short' to 'char', possible loss of data
E:\GitRepositories\getWrecked\PunchNetwork\PunchNetworkServer\BCServer.cpp(87,23): warning C4305:  '=': truncation from 'int' to 'char'
E:\GitRepositories\getWrecked\PunchNetwork\PunchNetworkServer\BCServer.cpp(87,20): warning C4309:  '=': truncation of constant value
E:\GitRepositories\getWrecked\PunchNetwork\PunchNetworkServer\BCServer.cpp(90,5): warning C4067:  unexpected tokens following preprocessor directive - expected a newline
E:\GitRepositories\getWrecked\PunchNetwork\PunchNetworkServer\BCServer.cpp(124,101): warning C4244:  '=': conversion from 'unsigned short' to 'char', possible loss of data
E:\GitRepositories\getWrecked\PunchNetwork\PunchNetworkServer\BCServer.cpp(125,130): warning C4244:  '=': conversion from 'unsigned short' to 'char', possible loss of data
E:\GitRepositories\getWrecked\PunchNetwork\PunchNetworkServer\BCServer.cpp(147,67): warning C4244:  '=': conversion from 'unsigned short' to 'char', possible loss of data
E:\GitRepositories\getWrecked\PunchNetwork\PunchNetworkServer\BCServer.cpp(149,100): warning C4244:  '=': conversion from 'unsigned short' to 'char', possible loss of data
E:\GitRepositories\getWrecked\PunchNetwork\PunchNetworkServer\BCServer.cpp(192,101): warning C4244:  '=': conversion from 'unsigned short' to 'char', possible loss of data
E:\GitRepositories\getWrecked\PunchNetwork\PunchNetworkServer\BCServer.cpp(193,130): warning C4244:  '=': conversion from 'unsigned short' to 'char', possible loss of data
E:\GitRepositories\getWrecked\PunchNetwork\PunchNetworkServer\BCServer.cpp(207,64): warning C4244:  '=': conversion from 'unsigned short' to 'char', possible loss of data
  mainServer.cpp
E:\GitRepositories\getWrecked\PunchNetwork\PunchNetworkServer\BCServer.cpp(209,112): warning C4244:  '=': conversion from 'unsigned short' to 'char', possible loss of data
E:\GitRepositories\getWrecked\PunchNetwork\PunchNetworkServer\BCClient.h(20,31): warning C4305:  'initializing': truncation from 'int' to 'unsigned char'
E:\GitRepositories\getWrecked\PunchNetwork\PunchNetworkServer\BCClient.h(20,27): warning C4309:  'initializing': truncation of constant value
E:\GitRepositories\getWrecked\PunchNetwork\PunchNetworkServer\mainServer.cpp(63,21): warning C4018:  '<': signed/unsigned mismatch
BWLib.lib(NetAddress.obj) : error LNK2038: mismatch detected for '_ITERATOR_DEBUG_LEVEL': value '2' doesn't match value '0' in BCClient.obj
BWLib.lib(NetAddress.obj) : error LNK2038: mismatch detected for 'RuntimeLibrary': value 'MDd_DynamicDebug' doesn't match value 'MD_DynamicRelease' in BCClient.obj
BWLib.lib(NetAddress.obj) : warning LNK4075: ignoring '/EDITANDCONTINUE' due to '/OPT:ICF' specification
BWLib.lib(NetSocketUDP.obj) : error LNK2038: mismatch detected for '_ITERATOR_DEBUG_LEVEL': value '2' doesn't match value '0' in BCClient.obj
BWLib.lib(NetSocketUDP.obj) : error LNK2038: mismatch detected for 'RuntimeLibrary': value 'MDd_DynamicDebug' doesn't match value 'MD_DynamicRelease' in BCClient.obj
BWLib.lib(BWNet.obj) : error LNK2038: mismatch detected for '_ITERATOR_DEBUG_LEVEL': value '2' doesn't match value '0' in BCClient.obj
BWLib.lib(BWNet.obj) : error LNK2038: mismatch detected for 'RuntimeLibrary': value 'MDd_DynamicDebug' doesn't match value 'MD_DynamicRelease' in BCClient.obj
LINK : warning LNK4098: defaultlib 'MSVCRTD' conflicts with use of other libs; use /NODEFAULTLIB:library
BWLib.lib(BWNet.obj) : error LNK2001: unresolved external symbol __imp__invalid_parameter
BWLib.lib(BWNet.obj) : error LNK2001: unresolved external symbol __imp__CrtDbgReport
E:\GitRepositories\getWrecked\PunchNetwork\PunchNetworkServer\x64\Release\PunchNetworkServer.exe : fatal error LNK1120: 2 unresolved externals
