C:\Program Files (x86)\Microsoft Visual Studio\2019\Enterprise\MSBuild\Microsoft\VC\v160\Microsoft.CppBuild.targets(411,5): warning MSB8028: The intermediate directory (Debug\) contains files shared from another project (PunchNetwork.vcxproj).  This can lead to incorrect clean and rebuild behavior.
  BCClient.cpp
E:\GitRepositories\new\getWrecked\PunchNetwork\PunchNetworkServer\BCClient.h(18): warning C4305: 'initializing': truncation from 'int' to 'unsigned char'
E:\GitRepositories\new\getWrecked\PunchNetwork\PunchNetworkServer\BCClient.h(18): warning C4309: 'initializing': truncation of constant value
E:\GitRepositories\new\getWrecked\PunchNetwork\PunchNetworkServer\BCClient.cpp(19): warning C4018: '<=': signed/unsigned mismatch
  BCMessage.cpp
E:\GitRepositories\new\getWrecked\PunchNetwork\PunchNetworkServer\BCClient.h(18): warning C4305: 'initializing': truncation from 'int' to 'unsigned char'
E:\GitRepositories\new\getWrecked\PunchNetwork\PunchNetworkServer\BCClient.h(18): warning C4309: 'initializing': truncation of constant value
E:\GitRepositories\new\getWrecked\PunchNetwork\PunchNetworkServer\BCMessage.cpp(13): warning C4018: '<': signed/unsigned mismatch
E:\GitRepositories\new\getWrecked\PunchNetwork\PunchNetworkServer\BCMessage.cpp(18): warning C4018: '<=': signed/unsigned mismatch
E:\GitRepositories\new\getWrecked\PunchNetwork\PunchNetworkServer\BCMessage.cpp(36): warning C4018: '<': signed/unsigned mismatch
E:\GitRepositories\new\getWrecked\PunchNetwork\PunchNetworkServer\BCMessage.cpp(60): warning C4244: '=': conversion from '__int64' to 'unsigned char', possible loss of data
  BCRoom.cpp
E:\GitRepositories\new\getWrecked\PunchNetwork\PunchNetworkServer\BCClient.h(18): warning C4305: 'initializing': truncation from 'int' to 'unsigned char'
E:\GitRepositories\new\getWrecked\PunchNetwork\PunchNetworkServer\BCClient.h(18): warning C4309: 'initializing': truncation of constant value
E:\GitRepositories\new\getWrecked\PunchNetwork\PunchNetworkServer\BCRoom.cpp(16): warning C4018: '<=': signed/unsigned mismatch
E:\GitRepositories\new\getWrecked\PunchNetwork\PunchNetworkServer\BCRoom.cpp(48): warning C4018: '<': signed/unsigned mismatch
E:\GitRepositories\new\getWrecked\PunchNetwork\PunchNetworkServer\BCRoom.cpp(85): warning C4018: '<': signed/unsigned mismatch
  BCServer.cpp
E:\GitRepositories\new\getWrecked\PunchNetwork\PunchNetworkServer\BCClient.h(18): warning C4305: 'initializing': truncation from 'int' to 'unsigned char'
E:\GitRepositories\new\getWrecked\PunchNetwork\PunchNetworkServer\BCClient.h(18): warning C4309: 'initializing': truncation of constant value
E:\GitRepositories\new\getWrecked\PunchNetwork\PunchNetworkServer\BCServer.cpp(37): warning C4244: '=': conversion from 'unsigned short' to 'char', possible loss of data
E:\GitRepositories\new\getWrecked\PunchNetwork\PunchNetworkServer\BCServer.cpp(56): warning C4067: unexpected tokens following preprocessor directive - expected a newline
E:\GitRepositories\new\getWrecked\PunchNetwork\PunchNetworkServer\BCServer.cpp(82): warning C4067: unexpected tokens following preprocessor directive - expected a newline
E:\GitRepositories\new\getWrecked\PunchNetwork\PunchNetworkServer\BCServer.cpp(115): warning C4244: '=': conversion from 'unsigned short' to 'char', possible loss of data
E:\GitRepositories\new\getWrecked\PunchNetwork\PunchNetworkServer\BCServer.cpp(149): warning C4244: '=': conversion from 'unsigned short' to 'char', possible loss of data
E:\GitRepositories\new\getWrecked\PunchNetwork\PunchNetworkServer\BCServer.cpp(188): warning C4244: '=': conversion from 'unsigned short' to 'char', possible loss of data
E:\GitRepositories\new\getWrecked\PunchNetwork\PunchNetworkServer\BCServer.cpp(205): warning C4244: '=': conversion from 'unsigned short' to 'char', possible loss of data
E:\GitRepositories\new\getWrecked\PunchNetwork\PunchNetworkServer\BCServer.cpp(222): warning C4244: '=': conversion from '__int64' to 'unsigned char', possible loss of data
  mainServer.cpp
E:\GitRepositories\new\getWrecked\PunchNetwork\PunchNetworkServer\BCClient.h(18): warning C4305: 'initializing': truncation from 'int' to 'unsigned char'
E:\GitRepositories\new\getWrecked\PunchNetwork\PunchNetworkServer\BCClient.h(18): warning C4309: 'initializing': truncation of constant value
E:\GitRepositories\new\getWrecked\PunchNetwork\PunchNetworkServer\mainServer.cpp(55): warning C4018: '<': signed/unsigned mismatch
  Generating Code...
BWLib.lib(BWNet.obj) : fatal error LNK1112: module machine type 'x64' conflicts with target machine type 'x86'
